-------------------------------  4.pjt - Debug  -------------------------------
"d:\ti\c5400\cgtools\bin\cl500" -g -q -fr"e:/majun/Debug" -d"_DEBUG" -@"Debug.lkf" "4.asm"
"4.asm", ERROR!   at line 5: [E0002] Invalid mnemonic specification
	.bss NUMERA,1

"4.asm", ERROR!   at line 6: [E0300] Symbol .bss has already been defined
	.bss DENOM,1

"4.asm", ERROR!   at line 6: [E0002] Invalid mnemonic specification
	.bss DENOM,1

"4.asm", ERROR!   at line 7: [E0300] Symbol .bss has already been defined
	.bss QUOT,1

"4.asm", ERROR!   at line 7: [E0002] Invalid mnemonic specification
	.bss QUOT,1

"4.asm", ERROR!   at line 8: [E0300] Symbol .bss has already been defined
	.bss ARIT,1

"4.asm", ERROR!   at line 8: [E0002] Invalid mnemonic specification
	.bss ARIT,1

"4.asm", ERROR!   at line 9: [E0300] Symbol .bss has already been defined
	.bss TEMSGN,1

"4.asm", ERROR!   at line 9: [E0002] Invalid mnemonic specification
	.bss TEMSGN,1

"4.asm", ERROR!   at line 12: [E0002] Invalid mnemonic specification
	stm #stack+stacksize,SP ; 初始化堆栈指针

"4.asm", ERROR!   at line 14: [E0300] Symbol nop has already been defined
	nop

"4.asm", ERROR!   at line 16: [E0002] Invalid mnemonic specification
	call DIV

"4.asm", ERROR!   at line 17: [E0002] Invalid mnemonic specification
	b next

"4.asm", ERROR!   at line 22: [E0002] Invalid mnemonic specification
	ld @NUMERA,T ; 将被除数装入T 寄存器

"4.asm", ERROR!   at line 23: [E0002] Invalid mnemonic specification
	mpy @DENOM,A ; 除数与被除数相乘，结果放入A 寄存器

"4.asm", ERROR!   at line 24: [E0300] Symbol ld has already been defined
	ld @DENOM,B ; 将除数装入B 寄存器的低16 位

"4.asm", ERROR!   at line 24: [E0002] Invalid mnemonic specification
	ld @DENOM,B ; 将除数装入B 寄存器的低16 位

"4.asm", ERROR!   at line 25: [E0005] Missing operand(s)
	abs B ; 求绝对值

"4.asm", ERROR!   at line 26: [E0200] Bad term in expression
	stl B,@DENOM ; 保存B 寄存器的低16 位

"4.asm", WARNING! at line 26: [W0000] Trailing operands ignored
	stl B,@DENOM ; 保存B 寄存器的低16 位

"4.asm", ERROR!   at line 27: [E0300] Symbol ld has already been defined
	ld @NUMERA,B ; 将被除数装入B 寄存器低16 位

"4.asm", ERROR!   at line 27: [E0002] Invalid mnemonic specification
	ld @NUMERA,B ; 将被除数装入B 寄存器低16 位

"4.asm", ERROR!   at line 28: [E0300] Symbol abs has already been defined
	abs B ; 求绝对值

"4.asm", ERROR!   at line 28: [E0005] Missing operand(s)
	abs B ; 求绝对值

"4.asm", ERROR!   at line 29: [E0002] Invalid mnemonic specification
	rpt #15 ; 重复下条subc 指令16 次

"4.asm", ERROR!   at line 30: [E0002] Invalid mnemonic specification
	subc @DENOM,B ; 完成除法运算

"4.asm", ERROR!   at line 31: [E0002] Invalid mnemonic specification
	bcd done,AGT ; 延时条转，先执行下面两条指令，然后判断A,

"4.asm", ERROR!   at line 33: [E0300] Symbol stl has already been defined
	stl B,@QUOT ; 保存商（B 寄存器的低16 位）

"4.asm", ERROR!   at line 33: [E0200] Bad term in expression
	stl B,@QUOT ; 保存商（B 寄存器的低16 位）

"4.asm", WARNING! at line 33: [W0000] Trailing operands ignored
	stl B,@QUOT ; 保存商（B 寄存器的低16 位）

"4.asm", ERROR!   at line 34: [E0200] Bad term in expression
	sth B,@ARIT ; 保存余数（B 寄存器的高16 位）

"4.asm", WARNING! at line 34: [W0000] Trailing operands ignored
	sth B,@ARIT ; 保存余数（B 寄存器的高16 位）

"4.asm", ERROR!   at line 35: [E0005] Missing operand(s)
	xor B ; 若两数相乘的结果为负，则商也应为负

"4.asm", ERROR!   at line 37: [E0002] Invalid mnemonic specification
	sub @QUOT,B ; 将商反号

"4.asm", ERROR!   at line 38: [E0300] Symbol stl has already been defined
	stl B,@QUOT ; 存回反号后的商值

"4.asm", ERROR!   at line 38: [E0200] Bad term in expression
	stl B,@QUOT ; 存回反号后的商值

"4.asm", WARNING! at line 38: [W0000] Trailing operands ignored
	stl B,@QUOT ; 存回反号后的商值

"4.asm", ERROR!   at EOF: [E0300] The following symbols are undefined:
34 Assembly Errors, 4 Assembly Warnings
  NUMERA

Errors in Source - Assembler Aborted

Build Complete,
  35 Errors, 4 Warnings, 0 Remarks.
